<?xml version="1.0" encoding="UTF-8"?>
<robot generator="Robot 3.1.2 (Python 3.7.3 on win32)" generated="20190727 15:08:34.595" rpa="false">
<suite id="s1" name="TestSuite-1" source="C:\Users\z_rat\eclipse-appium\RobotProject\TestFolder\TestSuite-1.robot">
<kw name="Log" library="BuiltIn" type="setup">
<doc>Logs the given message with the given level.</doc>
<arguments>
<arg>I am insdie Test Suite Setup</arg>
</arguments>
<msg timestamp="20190727 15:08:35.062" level="INFO">I am insdie Test Suite Setup</msg>
<status status="PASS" starttime="20190727 15:08:35.061" endtime="20190727 15:08:35.062"></status>
</kw>
<test id="s1-t1" name="MyFirstTest">
<kw name="Log" library="BuiltIn" type="setup">
<doc>Logs the given message with the given level.</doc>
<arguments>
<arg>I am inside Test Setup</arg>
</arguments>
<msg timestamp="20190727 15:08:35.063" level="INFO">I am inside Test Setup</msg>
<status status="PASS" starttime="20190727 15:08:35.063" endtime="20190727 15:08:35.063"></status>
</kw>
<kw name="Log" library="BuiltIn">
<doc>Logs the given message with the given level.</doc>
<arguments>
<arg>Hello World...</arg>
</arguments>
<msg timestamp="20190727 15:08:35.063" level="INFO">Hello World...</msg>
<status status="PASS" starttime="20190727 15:08:35.063" endtime="20190727 15:08:35.064"></status>
</kw>
<kw name="Log" library="BuiltIn" type="teardown">
<doc>Logs the given message with the given level.</doc>
<arguments>
<arg>I am after Test Teardown</arg>
</arguments>
<msg timestamp="20190727 15:08:35.064" level="INFO">I am after Test Teardown</msg>
<status status="PASS" starttime="20190727 15:08:35.064" endtime="20190727 15:08:35.064"></status>
</kw>
<tags>
<tag>smoke</tag>
</tags>
<status status="PASS" starttime="20190727 15:08:35.062" endtime="20190727 15:08:35.065" critical="yes"></status>
</test>
<test id="s1-t2" name="MySecondTest">
<kw name="Log" library="BuiltIn" type="setup">
<doc>Logs the given message with the given level.</doc>
<arguments>
<arg>I am inside Test Setup</arg>
</arguments>
<msg timestamp="20190727 15:08:35.067" level="INFO">I am inside Test Setup</msg>
<status status="PASS" starttime="20190727 15:08:35.067" endtime="20190727 15:08:35.067"></status>
</kw>
<kw name="Log" library="BuiltIn">
<doc>Logs the given message with the given level.</doc>
<arguments>
<arg>I am in second test</arg>
</arguments>
<msg timestamp="20190727 15:08:35.067" level="INFO">I am in second test</msg>
<status status="PASS" starttime="20190727 15:08:35.067" endtime="20190727 15:08:35.067"></status>
</kw>
<kw name="Log" library="BuiltIn" type="teardown">
<doc>Logs the given message with the given level.</doc>
<arguments>
<arg>I am after Test Teardown</arg>
</arguments>
<msg timestamp="20190727 15:08:35.068" level="INFO">I am after Test Teardown</msg>
<status status="PASS" starttime="20190727 15:08:35.068" endtime="20190727 15:08:35.068"></status>
</kw>
<tags>
<tag>sanity</tag>
</tags>
<status status="PASS" starttime="20190727 15:08:35.066" endtime="20190727 15:08:35.070" critical="yes"></status>
</test>
<test id="s1-t3" name="MyThirdTest">
<kw name="Log" library="BuiltIn" type="setup">
<doc>Logs the given message with the given level.</doc>
<arguments>
<arg>I am inside Test Setup</arg>
</arguments>
<msg timestamp="20190727 15:08:35.072" level="INFO">I am inside Test Setup</msg>
<status status="PASS" starttime="20190727 15:08:35.071" endtime="20190727 15:08:35.072"></status>
</kw>
<kw name="Log" library="BuiltIn">
<doc>Logs the given message with the given level.</doc>
<arguments>
<arg>I am in third test</arg>
</arguments>
<msg timestamp="20190727 15:08:35.072" level="INFO">I am in third test</msg>
<status status="PASS" starttime="20190727 15:08:35.072" endtime="20190727 15:08:35.072"></status>
</kw>
<kw name="Log" library="BuiltIn" type="teardown">
<doc>Logs the given message with the given level.</doc>
<arguments>
<arg>I am after Test Teardown</arg>
</arguments>
<msg timestamp="20190727 15:08:35.073" level="INFO">I am after Test Teardown</msg>
<status status="PASS" starttime="20190727 15:08:35.073" endtime="20190727 15:08:35.073"></status>
</kw>
<tags>
<tag>sanity</tag>
</tags>
<status status="PASS" starttime="20190727 15:08:35.071" endtime="20190727 15:08:35.073" critical="yes"></status>
</test>
<kw name="Log" library="BuiltIn" type="teardown">
<doc>Logs the given message with the given level.</doc>
<arguments>
<arg>I am inside Test Suite Teardown</arg>
</arguments>
<msg timestamp="20190727 15:08:35.074" level="INFO">I am inside Test Suite Teardown</msg>
<status status="PASS" starttime="20190727 15:08:35.074" endtime="20190727 15:08:35.075"></status>
</kw>
<status status="PASS" starttime="20190727 15:08:34.597" endtime="20190727 15:08:35.075"></status>
</suite>
<statistics>
<total>
<stat pass="3" fail="0">Critical Tests</stat>
<stat pass="3" fail="0">All Tests</stat>
</total>
<tag>
<stat pass="2" fail="0">sanity</stat>
<stat pass="1" fail="0">smoke</stat>
</tag>
<suite>
<stat pass="3" fail="0" id="s1" name="TestSuite-1">TestSuite-1</stat>
</suite>
</statistics>
<errors>
</errors>
</robot>
